C:\USERS\BIONIC LEE\DESKTOP\ROI_0506\ROI\ROI\X64\RELEASE\.NETFRAMEWORK,VERSION=V4.0.ASSEMBLYATTRIBUTES.OBJ
C:\USERS\BIONIC LEE\DESKTOP\ROI_0506\ROI\ROI\X64\RELEASE\APP.RES
C:\USERS\BIONIC LEE\DESKTOP\ROI_0506\ROI\ROI\X64\RELEASE\ASSEMBLYINFO.OBJ
C:\USERS\BIONIC LEE\DESKTOP\ROI_0506\ROI\ROI\X64\RELEASE\ROI.EXE.INTERMEDIATE.MANIFEST
C:\USERS\BIONIC LEE\DESKTOP\ROI_0506\ROI\ROI\X64\RELEASE\ROI.OBJ
C:\USERS\BIONIC LEE\DESKTOP\ROI_0506\ROI\ROI\X64\RELEASE\ROI.PCH
C:\USERS\BIONIC LEE\DESKTOP\ROI_0506\ROI\ROI\X64\RELEASE\STDAFX.OBJ
C:\USERS\BIONIC LEE\DESKTOP\ROI_0506\ROI\ROI\X64\RELEASE\VC100.PDB
C:\USERS\BIONIC LEE\DESKTOP\ROI_0506\ROI\X64\RELEASE\ROI.EXE
C:\USERS\BIONIC LEE\DESKTOP\ROI_0506\ROI\X64\RELEASE\ROI.PDB
C:\Users\Bionic Lee\Desktop\TOOL_nick\ROI_0506\roi\roi\x64\Release\.NETFramework,Version=v4.0.AssemblyAttributes.obj
C:\USERS\BIONIC LEE\DESKTOP\TOOL_NICK\ROI_0506\ROI\ROI\X64\RELEASE\APP.RES
C:\USERS\BIONIC LEE\DESKTOP\TOOL_NICK\ROI_0506\ROI\ROI\X64\RELEASE\ASSEMBLYINFO.OBJ
C:\Users\Bionic Lee\Desktop\TOOL_nick\ROI_0506\roi\roi\x64\Release\cl.command.1.tlog
C:\Users\Bionic Lee\Desktop\TOOL_nick\ROI_0506\roi\roi\x64\Release\CL.read.1.tlog
C:\Users\Bionic Lee\Desktop\TOOL_nick\ROI_0506\roi\roi\x64\Release\CL.write.1.tlog
C:\Users\Bionic Lee\Desktop\TOOL_nick\ROI_0506\roi\roi\x64\Release\link.command.1.tlog
C:\Users\Bionic Lee\Desktop\TOOL_nick\ROI_0506\roi\roi\x64\Release\link.read.1.tlog
C:\Users\Bionic Lee\Desktop\TOOL_nick\ROI_0506\roi\roi\x64\Release\link.write.1.tlog
C:\Users\Bionic Lee\Desktop\TOOL_nick\ROI_0506\roi\roi\x64\Release\link-cvtres.read.1.tlog
C:\Users\Bionic Lee\Desktop\TOOL_nick\ROI_0506\roi\roi\x64\Release\link-cvtres.write.1.tlog
C:\Users\Bionic Lee\Desktop\TOOL_nick\ROI_0506\roi\roi\x64\Release\metagen.read.1.tlog
C:\Users\Bionic Lee\Desktop\TOOL_nick\ROI_0506\roi\roi\x64\Release\metagen.write.1.tlog
C:\Users\Bionic Lee\Desktop\TOOL_nick\ROI_0506\roi\roi\x64\Release\mt.command.1.tlog
C:\Users\Bionic Lee\Desktop\TOOL_nick\ROI_0506\roi\roi\x64\Release\mt.read.1.tlog
C:\Users\Bionic Lee\Desktop\TOOL_nick\ROI_0506\roi\roi\x64\Release\mt.write.1.tlog
C:\Users\Bionic Lee\Desktop\TOOL_nick\ROI_0506\roi\roi\x64\Release\rc.command.1.tlog
C:\Users\Bionic Lee\Desktop\TOOL_nick\ROI_0506\roi\roi\x64\Release\rc.read.1.tlog
C:\Users\Bionic Lee\Desktop\TOOL_nick\ROI_0506\roi\roi\x64\Release\rc.write.1.tlog
C:\USERS\BIONIC LEE\DESKTOP\TOOL_NICK\ROI_0506\ROI\ROI\X64\RELEASE\ROI.EXE.INTERMEDIATE.MANIFEST
C:\Users\Bionic Lee\Desktop\TOOL_nick\ROI_0506\roi\roi\x64\Release\roi.Form1.resources
C:\USERS\BIONIC LEE\DESKTOP\TOOL_NICK\ROI_0506\ROI\ROI\X64\RELEASE\ROI.OBJ
C:\USERS\BIONIC LEE\DESKTOP\TOOL_NICK\ROI_0506\ROI\ROI\X64\RELEASE\ROI.PCH
C:\Users\Bionic Lee\Desktop\TOOL_nick\ROI_0506\roi\roi\x64\Release\roi.vcxproj.GenerateResource.Cache
C:\Users\Bionic Lee\Desktop\TOOL_nick\ROI_0506\roi\roi\x64\Release\roi.vcxprojResolveAssemblyReference.cache
C:\Users\Bionic Lee\Desktop\TOOL_nick\ROI_0506\roi\roi\x64\Release\roi.write.1.tlog
C:\USERS\BIONIC LEE\DESKTOP\TOOL_NICK\ROI_0506\ROI\ROI\X64\RELEASE\STDAFX.OBJ
C:\Users\Bionic Lee\Desktop\TOOL_nick\ROI_0506\roi\roi\x64\Release\TZRES.DLL.bi
C:\USERS\BIONIC LEE\DESKTOP\TOOL_NICK\ROI_0506\ROI\ROI\X64\RELEASE\VC100.PDB
C:\USERS\BIONIC LEE\DESKTOP\TOOL_NICK\ROI_0506\ROI\X64\RELEASE\ROI.EXE
C:\USERS\BIONIC LEE\DESKTOP\TOOL_NICK\ROI_0506\ROI\X64\RELEASE\ROI.PDB
