C:\USERS\BIONIC LEE\DESKTOP\TOOL_NICK\ROI_CUT0509\ROI_0509\ROI\ROI\X64\DEBUG\.NETFRAMEWORK,VERSION=V4.0.ASSEMBLYATTRIBUTES.OBJ
C:\USERS\BIONIC LEE\DESKTOP\TOOL_NICK\ROI_CUT0509\ROI_0509\ROI\ROI\X64\DEBUG\APP.RES
C:\USERS\BIONIC LEE\DESKTOP\TOOL_NICK\ROI_CUT0509\ROI_0509\ROI\ROI\X64\DEBUG\ASSEMBLYINFO.OBJ
C:\USERS\BIONIC LEE\DESKTOP\TOOL_NICK\ROI_CUT0509\ROI_0509\ROI\ROI\X64\DEBUG\ROI.EXE.INTERMEDIATE.MANIFEST
C:\USERS\BIONIC LEE\DESKTOP\TOOL_NICK\ROI_CUT0509\ROI_0509\ROI\ROI\X64\DEBUG\ROI.OBJ
C:\USERS\BIONIC LEE\DESKTOP\TOOL_NICK\ROI_CUT0509\ROI_0509\ROI\ROI\X64\DEBUG\ROI.PCH
C:\USERS\BIONIC LEE\DESKTOP\TOOL_NICK\ROI_CUT0509\ROI_0509\ROI\ROI\X64\DEBUG\STDAFX.OBJ
C:\USERS\BIONIC LEE\DESKTOP\TOOL_NICK\ROI_CUT0509\ROI_0509\ROI\ROI\X64\DEBUG\VC100.PDB
C:\USERS\BIONIC LEE\DESKTOP\TOOL_NICK\ROI_CUT0509\ROI_0509\ROI\X64\DEBUG\ROI.EXE
C:\USERS\BIONIC LEE\DESKTOP\TOOL_NICK\ROI_CUT0509\ROI_0509\ROI\X64\DEBUG\ROI.ILK
C:\USERS\BIONIC LEE\DESKTOP\TOOL_NICK\ROI_CUT0509\ROI_0509\ROI\X64\DEBUG\ROI.PDB
D:\Git\ROI_CUT0509\ROI_0509\roi\roi\x64\Debug\.NETFramework,Version=v4.0.AssemblyAttributes.obj
D:\GIT\ROI_CUT0509\ROI_0509\ROI\ROI\X64\DEBUG\APP.RES
D:\GIT\ROI_CUT0509\ROI_0509\ROI\ROI\X64\DEBUG\ASSEMBLYINFO.OBJ
D:\Git\ROI_CUT0509\ROI_0509\roi\roi\x64\Debug\cl.command.1.tlog
D:\Git\ROI_CUT0509\ROI_0509\roi\roi\x64\Debug\CL.read.1.tlog
D:\Git\ROI_CUT0509\ROI_0509\roi\roi\x64\Debug\CL.write.1.tlog
D:\Git\ROI_CUT0509\ROI_0509\roi\roi\x64\Debug\link.10868.read.1.tlog
D:\Git\ROI_CUT0509\ROI_0509\roi\roi\x64\Debug\link.10868.write.1.tlog
D:\Git\ROI_CUT0509\ROI_0509\roi\roi\x64\Debug\link.10868-cvtres.read.1.tlog
D:\Git\ROI_CUT0509\ROI_0509\roi\roi\x64\Debug\link.10868-cvtres.write.1.tlog
D:\Git\ROI_CUT0509\ROI_0509\roi\roi\x64\Debug\link.4808.read.1.tlog
D:\Git\ROI_CUT0509\ROI_0509\roi\roi\x64\Debug\link.4808.write.1.tlog
D:\Git\ROI_CUT0509\ROI_0509\roi\roi\x64\Debug\link.4808-cvtres.read.1.tlog
D:\Git\ROI_CUT0509\ROI_0509\roi\roi\x64\Debug\link.4808-cvtres.write.1.tlog
D:\Git\ROI_CUT0509\ROI_0509\roi\roi\x64\Debug\link.command.1.tlog
D:\Git\ROI_CUT0509\ROI_0509\roi\roi\x64\Debug\link.read.1.tlog
D:\Git\ROI_CUT0509\ROI_0509\roi\roi\x64\Debug\link.write.1.tlog
D:\Git\ROI_CUT0509\ROI_0509\roi\roi\x64\Debug\metagen.read.1.tlog
D:\Git\ROI_CUT0509\ROI_0509\roi\roi\x64\Debug\metagen.write.1.tlog
D:\Git\ROI_CUT0509\ROI_0509\roi\roi\x64\Debug\mt.command.1.tlog
D:\Git\ROI_CUT0509\ROI_0509\roi\roi\x64\Debug\mt.read.1.tlog
D:\Git\ROI_CUT0509\ROI_0509\roi\roi\x64\Debug\mt.write.1.tlog
D:\Git\ROI_CUT0509\ROI_0509\roi\roi\x64\Debug\rc.command.1.tlog
D:\Git\ROI_CUT0509\ROI_0509\roi\roi\x64\Debug\rc.read.1.tlog
D:\Git\ROI_CUT0509\ROI_0509\roi\roi\x64\Debug\rc.write.1.tlog
D:\GIT\ROI_CUT0509\ROI_0509\ROI\ROI\X64\DEBUG\ROI.EXE.INTERMEDIATE.MANIFEST
D:\Git\ROI_CUT0509\ROI_0509\roi\roi\x64\Debug\roi.Form1.resources
D:\GIT\ROI_CUT0509\ROI_0509\ROI\ROI\X64\DEBUG\ROI.OBJ
D:\GIT\ROI_CUT0509\ROI_0509\ROI\ROI\X64\DEBUG\ROI.PCH
D:\Git\ROI_CUT0509\ROI_0509\roi\roi\x64\Debug\roi.vcxproj.GenerateResource.Cache
D:\Git\ROI_CUT0509\ROI_0509\roi\roi\x64\Debug\roi.vcxprojResolveAssemblyReference.cache
D:\Git\ROI_CUT0509\ROI_0509\roi\roi\x64\Debug\roi.write.1.tlog
D:\GIT\ROI_CUT0509\ROI_0509\ROI\ROI\X64\DEBUG\STDAFX.OBJ
D:\Git\ROI_CUT0509\ROI_0509\roi\roi\x64\Debug\TZRES.DLL.bi
D:\GIT\ROI_CUT0509\ROI_0509\ROI\ROI\X64\DEBUG\VC100.PDB
D:\GIT\ROI_CUT0509\ROI_0509\ROI\X64\DEBUG\ROI.EXE
D:\GIT\ROI_CUT0509\ROI_0509\ROI\X64\DEBUG\ROI.ILK
D:\GIT\ROI_CUT0509\ROI_0509\ROI\X64\DEBUG\ROI.PDB
